<?xml version="1.0" encoding="UTF-8"?>
<testsuite xmlns:xsi="http://www.w3.org/2001/XMLSchema-instance" xsi:noNamespaceSchemaLocation="https://maven.apache.org/surefire/maven-surefire-plugin/xsd/surefire-test-report.xsd" name="UserRegisterTest" time="9.013" tests="4" errors="0" skipped="0" failures="0">
  <properties>
[...]
</properties>
  <testcase name="shouldGetUserTest" classname="UserRegisterTest" time="2.569"/>
  <testcase name="shouldNotRegisterUserWithoutNecessaryFieldsTest" classname="UserRegisterTest" time="1.113"/>
  <testcase name="shouldNotRegisterExistedUserTest" classname="UserRegisterTest" time="2.87"/>
  <testcase name="shouldRegisterUniqueUserTest" classname="UserRegisterTest" time="2.458"/>
</testsuite>